2025-12-31 14:26:21.134 [info] [main] Log level: Info
2025-12-31 14:26:21.134 [info] [main] Validating found git in: "git"
2025-12-31 14:26:21.134 [info] [main] Using git "2.43.0" from "git"
2025-12-31 14:26:21.134 [info] [Model][doInitialScan] Initial repository scan started
2025-12-31 14:26:21.134 [info] > git rev-parse --show-toplevel [4ms]
2025-12-31 14:26:21.134 [info] fatal: not a git repository (or any parent up to mount point /)
Stopping at filesystem boundary (GIT_DISCOVERY_ACROSS_FILESYSTEM not set).
2025-12-31 14:26:21.134 [info] > git rev-parse --show-toplevel [2ms]
2025-12-31 14:26:21.134 [info] fatal: not a git repository (or any parent up to mount point /)
Stopping at filesystem boundary (GIT_DISCOVERY_ACROSS_FILESYSTEM not set).
2025-12-31 14:26:21.134 [info] > git rev-parse --show-toplevel [1ms]
2025-12-31 14:26:21.134 [info] fatal: not a git repository (or any parent up to mount point /)
Stopping at filesystem boundary (GIT_DISCOVERY_ACROSS_FILESYSTEM not set).
2025-12-31 14:26:21.134 [info] > git rev-parse --show-toplevel [2ms]
2025-12-31 14:26:21.134 [info] fatal: not a git repository (or any parent up to mount point /)
Stopping at filesystem boundary (GIT_DISCOVERY_ACROSS_FILESYSTEM not set).
2025-12-31 14:26:21.134 [info] > git rev-parse --show-toplevel [2ms]
2025-12-31 14:26:21.134 [info] fatal: not a git repository (or any parent up to mount point /)
Stopping at filesystem boundary (GIT_DISCOVERY_ACROSS_FILESYSTEM not set).
2025-12-31 14:26:21.134 [info] > git rev-parse --show-toplevel [1ms]
2025-12-31 14:26:21.134 [info] fatal: not a git repository (or any parent up to mount point /)
Stopping at filesystem boundary (GIT_DISCOVERY_ACROSS_FILESYSTEM not set).
2025-12-31 14:26:21.134 [info] > git rev-parse --show-toplevel [1ms]
2025-12-31 14:26:21.134 [info] fatal: not a git repository (or any parent up to mount point /)
Stopping at filesystem boundary (GIT_DISCOVERY_ACROSS_FILESYSTEM not set).
2025-12-31 14:26:21.134 [info] > git rev-parse --show-toplevel [2ms]
2025-12-31 14:26:21.134 [info] fatal: not a git repository (or any parent up to mount point /)
Stopping at filesystem boundary (GIT_DISCOVERY_ACROSS_FILESYSTEM not set).
2025-12-31 14:26:21.134 [info] > git rev-parse --show-toplevel [6ms]
2025-12-31 14:26:21.134 [info] fatal: not a git repository (or any parent up to mount point /)
Stopping at filesystem boundary (GIT_DISCOVERY_ACROSS_FILESYSTEM not set).
2025-12-31 14:26:21.134 [info] > git rev-parse --show-toplevel [2ms]
2025-12-31 14:26:21.134 [info] fatal: not a git repository (or any parent up to mount point /)
Stopping at filesystem boundary (GIT_DISCOVERY_ACROSS_FILESYSTEM not set).
2025-12-31 14:26:21.140 [info] > git rev-parse --show-toplevel [2ms]
2025-12-31 14:26:21.140 [info] fatal: not a git repository (or any parent up to mount point /)
Stopping at filesystem boundary (GIT_DISCOVERY_ACROSS_FILESYSTEM not set).
2025-12-31 14:26:21.152 [info] > git rev-parse --show-toplevel [6ms]
2025-12-31 14:26:21.152 [info] fatal: not a git repository (or any parent up to mount point /)
Stopping at filesystem boundary (GIT_DISCOVERY_ACROSS_FILESYSTEM not set).
2025-12-31 14:26:21.159 [info] > git rev-parse --show-toplevel [2ms]
2025-12-31 14:26:21.159 [info] fatal: not a git repository (or any parent up to mount point /)
Stopping at filesystem boundary (GIT_DISCOVERY_ACROSS_FILESYSTEM not set).
2025-12-31 14:26:21.165 [info] > git rev-parse --show-toplevel [2ms]
2025-12-31 14:26:21.165 [info] fatal: not a git repository (or any parent up to mount point /)
Stopping at filesystem boundary (GIT_DISCOVERY_ACROSS_FILESYSTEM not set).
2025-12-31 14:26:21.172 [info] > git rev-parse --show-toplevel [2ms]
2025-12-31 14:26:21.172 [info] fatal: not a git repository (or any parent up to mount point /)
Stopping at filesystem boundary (GIT_DISCOVERY_ACROSS_FILESYSTEM not set).
2025-12-31 14:26:21.178 [info] > git rev-parse --show-toplevel [2ms]
2025-12-31 14:26:21.178 [info] fatal: not a git repository (or any parent up to mount point /)
Stopping at filesystem boundary (GIT_DISCOVERY_ACROSS_FILESYSTEM not set).
2025-12-31 14:26:21.179 [info] [Model][doInitialScan] Initial repository scan completed - repositories (0), closed repositories (0), parent repositories (0), unsafe repositories (0)
2025-12-31 14:26:22.026 [info] > git rev-parse --show-toplevel [2ms]
2025-12-31 14:26:22.026 [info] fatal: not a git repository (or any parent up to mount point /)
Stopping at filesystem boundary (GIT_DISCOVERY_ACROSS_FILESYSTEM not set).
2025-12-31 14:26:27.870 [info] > git rev-parse --show-toplevel [8ms]
2025-12-31 14:26:27.870 [info] fatal: not a git repository (or any parent up to mount point /)
Stopping at filesystem boundary (GIT_DISCOVERY_ACROSS_FILESYSTEM not set).
2025-12-31 14:26:53.959 [info] > git rev-parse --show-toplevel [4ms]
2025-12-31 14:26:53.959 [info] fatal: not a git repository (or any parent up to mount point /)
Stopping at filesystem boundary (GIT_DISCOVERY_ACROSS_FILESYSTEM not set).
